\BOOKMARK [1][-]{section*.3}{Nomenclature}{}% 1
\BOOKMARK [1][-]{section.1}{Dynamics}{}% 2
\BOOKMARK [2][-]{subsection.1.1}{LTI State Space Model}{section.1}% 3
\BOOKMARK [2][-]{subsection.1.2}{Transfer Function}{section.1}% 4
\BOOKMARK [1][-]{section.2}{Nominal Plant Analysis}{}% 5
\BOOKMARK [2][-]{subsection.2.1}{Open Loop Poles, Natural Frequency and Damping Ratio}{section.2}% 6
\BOOKMARK [2][-]{subsection.2.2}{Controllability}{section.2}% 7
\BOOKMARK [2][-]{subsection.2.3}{Observability}{section.2}% 8
\BOOKMARK [2][-]{subsection.2.4}{Open Loop Frequency Response}{section.2}% 9
\BOOKMARK [2][-]{subsection.2.5}{Singular Values vs Frequency}{section.2}% 10
\BOOKMARK [1][-]{section.3}{Control Design}{}% 11
\BOOKMARK [2][-]{subsection.3.1}{General Control Architecture}{section.3}% 12
\BOOKMARK [2][-]{subsection.3.2}{Design Objectives}{section.3}% 13
\BOOKMARK [2][-]{subsection.3.3}{Trade-offs in MIMO feedback design}{section.3}% 14
\BOOKMARK [2][-]{subsection.3.4}{Reduced Order Model and Control Design}{section.3}% 15
\BOOKMARK [3][-]{subsubsection.3.4.1}{Proportional Control Design}{subsection.3.4}% 16
\BOOKMARK [3][-]{subsubsection.3.4.2}{Proportional and Integral Feedback Control Design}{subsection.3.4}% 17
\BOOKMARK [2][-]{subsection.3.5}{Nominal Closed Loop Analysis}{section.3}% 18
\BOOKMARK [3][-]{subsubsection.3.5.1}{Poles of Controller K\(s\)}{subsection.3.5}% 19
\BOOKMARK [3][-]{subsubsection.3.5.2}{Closed Loop Poles, Damping and Natural Frequency}{subsection.3.5}% 20
\BOOKMARK [3][-]{subsubsection.3.5.3}{Frequency Response}{subsection.3.5}% 21
\BOOKMARK [3][-]{subsubsection.3.5.4}{Time Domain Performance}{subsection.3.5}% 22
\BOOKMARK [3][-]{subsubsection.3.5.5}{Nominal Performance}{subsection.3.5}% 23
\BOOKMARK [3][-]{subsubsection.3.5.6}{Robust Stability}{subsection.3.5}% 24
\BOOKMARK [3][-]{subsubsection.3.5.7}{Uncertainty Blocks}{subsection.3.5}% 25
\BOOKMARK [3][-]{subsubsection.3.5.8}{Single-Loop-At-A-Time Analysis}{subsection.3.5}% 26
\BOOKMARK [3][-]{subsubsection.3.5.9}{Robust Performance}{subsection.3.5}% 27
\BOOKMARK [1][-]{section.4}{Summary}{}% 28
\BOOKMARK [1][-]{appendix.A}{Simulink Model Block Diagram}{}% 29
\BOOKMARK [1][-]{appendix.B}{MATLAB Published Code}{}% 30
